<?xml version="1.0" encoding="UTF-8"?>
<!-- Generated by org.testng.reporters.JUnitReportReporter -->
<testsuite hostname="Parthas-MacBook-Air.local" failures="0" tests="1" name="com.testrun.Runner" time="0.004" errors="0" timestamp="2025-01-07T13:42:15 EST" skipped="0">
  <testcase classname="com.testrun.Runner" name="setup3" time="0.004"/>
  <system-out/>
</testsuite> <!-- com.testrun.Runner -->
